<?xml version="1.0" encoding="UTF-8"?>
<testsuite name="BookTest" tests="1" skipped="0" failures="0" errors="0" timestamp="2021-05-02T11:44:25" hostname="MacBook-Pro-Vita.local" time="0.058">
  <properties/>
  <testcase name="bookTest1" classname="BookTest" time="0.058"/>
  <system-out><![CDATA[]]></system-out>
  <system-err><![CDATA[]]></system-err>
</testsuite>
